------------------------------------------------------------------------------------------------------------------------
Symboltbl name: Global                                            Parent table: NULL                                              
------------------------------------------------------------------------------------------------------------------------
Name                     Type                          Initial Value       Size           Offset         Nested
------------------------------------------------------------------------------------------------------------------------
average_i                int                           null                4              0              average_i
minimum                  int                           null                4              4              minimum
main                     int                           null                4              8              main
------------------------------------------------------------------------------------------------------------------------


------------------------------------------------------------------------------------------------------------------------
Symboltbl name: average_i                                         Parent table: Global                                            
------------------------------------------------------------------------------------------------------------------------
Name                     Type                          Initial Value       Size           Offset         Nested
------------------------------------------------------------------------------------------------------------------------
a                        float                         null                8              0              NULL
b                        float                         null                8              8              NULL
c                        float                         null                8              16             NULL
return                   int                           null                4              24             NULL
avg                      float                         null                8              28             NULL
t0                       float                         null                8              36             NULL
t1                       float                         null                8              44             NULL
t2                       int                           3                   4              52             NULL
t3                       float                         null                8              56             NULL
t4                       float                         null                8              64             NULL
t5                       float                         null                8              72             NULL
t6                       float                         null                8              80             NULL
answer                   int                           null                4              88             NULL
t7                       int                           null                4              92             NULL
------------------------------------------------------------------------------------------------------------------------


------------------------------------------------------------------------------------------------------------------------
Symboltbl name: minimum                                           Parent table: Global                                            
------------------------------------------------------------------------------------------------------------------------
Name                     Type                          Initial Value       Size           Offset         Nested
------------------------------------------------------------------------------------------------------------------------
x                        int                           null                4              0              NULL
y                        int                           null                4              4              NULL
return                   int                           null                4              8              NULL
ans                      int                           null                4              12             NULL
t0                       int                           null                4              16             NULL
t1                       int                           null                4              20             NULL
------------------------------------------------------------------------------------------------------------------------


------------------------------------------------------------------------------------------------------------------------
Symboltbl name: main                                              Parent table: Global                                            
------------------------------------------------------------------------------------------------------------------------
Name                     Type                          Initial Value       Size           Offset         Nested
------------------------------------------------------------------------------------------------------------------------
return                   int                           null                4              0              NULL
x                        int                           5                   4              4              NULL
t0                       int                           5                   4              8              NULL
n                        int                           10                  4              12             NULL
t1                       int                           10                  4              16             NULL
sum                      float                         1                   8              20             NULL
t2                       int                           1                   4              28             NULL
term                     float                         1                   8              32             NULL
t3                       int                           1                   4              40             NULL
temp                     int                           null                4              44             NULL
t4                       float                         null                8              48             NULL
t5                       int                           null                4              56             NULL
result                   float                         null                8              60             NULL
t6                       int                           null                4              68             NULL
t7                       int                           1                   4              72             NULL
------------------------------------------------------------------------------------------------------------------------


________________________________________________________________________________________________________________________
TAC: 
________________________________________________________________________________________________________________________

0   : average_i: 
1   :    t0=a + b
2   :    t1=t0 + c
3   :    avg=t1
4   :    t2=3
5   :    t3=avg
6   :    t4=int_2_float(t2)
7   :    t5=t3 / t4
8   :    avg=t5
9   :    t7=float_2_int(avg)
10  :    answer=t7
11  :    return answer

12  : minimum: 
13  :    if x > y goto 16
14  :    goto 17
15  :    goto 21
16  :    goto 19
17  :    t0=x
18  :    goto 21
19  :    t0=y
20  :    goto 21
21  :    ans=t0
22  :    return ans

23  : main: 
24  :    t0=5
25  :    x=t0
26  :    t1=10
27  :    n=t1
28  :    t2=1
29  :    sum=t2
30  :    t3=1
31  :    term=t3
32  :    t4=term / sum
33  :    t5=float_2_int(t4)
34  :    temp=t5
35  :    param x
36  :    param n
37  :    param sum
38  :    t6=call average_i, 3
39  :    result=t6
40  :    t7=1
41  :    return t7
