------------------------------------------------------------------------------------------------------------------------
Symboltbl name: Global                                            Parent table: NULL                                              
------------------------------------------------------------------------------------------------------------------------
Name                     Type                          Initial Value       Size           Offset         Nested
------------------------------------------------------------------------------------------------------------------------
main                     int                           null                4              0              main
------------------------------------------------------------------------------------------------------------------------


------------------------------------------------------------------------------------------------------------------------
Symboltbl name: main                                              Parent table: Global                                            
------------------------------------------------------------------------------------------------------------------------
Name                     Type                          Initial Value       Size           Offset         Nested
------------------------------------------------------------------------------------------------------------------------
return                   int                           null                4              0              NULL
i                        int                           null                4              4              NULL
j                        int                           null                4              8              NULL
a                        arr(arr(int,6),6)             null                144            12             NULL
t0                       int                           6                   4              156            NULL
t1                       int                           6                   4              160            NULL
b                        arr(arr(int,5),5)             null                100            164            NULL
t2                       int                           5                   4              264            NULL
t3                       int                           5                   4              268            NULL
main_for_0               block                         null                4              272            main_for_0
main_for_2               block                         null                4              276            main_for_2
main_for_4               block                         null                4              280            main_for_4
t4                       int                           0                   4              284            NULL
------------------------------------------------------------------------------------------------------------------------


------------------------------------------------------------------------------------------------------------------------
Symboltbl name: main_for_0                                        Parent table: main                                              
------------------------------------------------------------------------------------------------------------------------
Name                     Type                          Initial Value       Size           Offset         Nested
------------------------------------------------------------------------------------------------------------------------
t0                       int                           0                   4              0              NULL
t1                       int                           null                4              4              NULL
t2                       int                           6                   4              8              NULL
t3                       int                           null                4              12             NULL
main_for_0_for_1         block                         null                4              16             main_for_0_for_1
------------------------------------------------------------------------------------------------------------------------


------------------------------------------------------------------------------------------------------------------------
Symboltbl name: main_for_0_for_1                                  Parent table: main_for_0                                        
------------------------------------------------------------------------------------------------------------------------
Name                     Type                          Initial Value       Size           Offset         Nested
------------------------------------------------------------------------------------------------------------------------
t0                       int                           0                   4              0              NULL
t1                       int                           null                4              4              NULL
t2                       int                           6                   4              8              NULL
t3                       int                           null                4              12             NULL
t4                       int                           null                4              16             NULL
t5                       int                           null                4              20             NULL
t6                       int                           null                4              24             NULL
t7                       int                           null                4              28             NULL
t8                       int                           null                4              32             NULL
------------------------------------------------------------------------------------------------------------------------


------------------------------------------------------------------------------------------------------------------------
Symboltbl name: main_for_2                                        Parent table: main                                              
------------------------------------------------------------------------------------------------------------------------
Name                     Type                          Initial Value       Size           Offset         Nested
------------------------------------------------------------------------------------------------------------------------
t0                       int                           4                   4              0              NULL
t1                       int                           null                4              4              NULL
t2                       int                           0                   4              8              NULL
t3                       int                           null                4              12             NULL
main_for_2_for_3         block                         null                4              16             main_for_2_for_3
------------------------------------------------------------------------------------------------------------------------


------------------------------------------------------------------------------------------------------------------------
Symboltbl name: main_for_2_for_3                                  Parent table: main_for_2                                        
------------------------------------------------------------------------------------------------------------------------
Name                     Type                          Initial Value       Size           Offset         Nested
------------------------------------------------------------------------------------------------------------------------
t0                       int                           4                   4              0              NULL
t1                       int                           null                4              4              NULL
t2                       int                           0                   4              8              NULL
t3                       int                           null                4              12             NULL
t4                       int                           null                4              16             NULL
t5                       int                           null                4              20             NULL
t6                       int                           null                4              24             NULL
t7                       int                           null                4              28             NULL
t8                       int                           null                4              32             NULL
------------------------------------------------------------------------------------------------------------------------


------------------------------------------------------------------------------------------------------------------------
Symboltbl name: main_for_4                                        Parent table: main                                              
------------------------------------------------------------------------------------------------------------------------
Name                     Type                          Initial Value       Size           Offset         Nested
------------------------------------------------------------------------------------------------------------------------
t0                       int                           0                   4              0              NULL
t1                       int                           null                4              4              NULL
t2                       int                           6                   4              8              NULL
t3                       int                           null                4              12             NULL
main_for_4_for_5         block                         null                4              16             main_for_4_for_5
------------------------------------------------------------------------------------------------------------------------


------------------------------------------------------------------------------------------------------------------------
Symboltbl name: main_for_4_for_5                                  Parent table: main_for_4                                        
------------------------------------------------------------------------------------------------------------------------
Name                     Type                          Initial Value       Size           Offset         Nested
------------------------------------------------------------------------------------------------------------------------
t0                       int                           0                   4              0              NULL
t1                       int                           null                4              4              NULL
t2                       int                           null                4              8              NULL
t3                       int                           3                   4              12             NULL
t4                       int                           3                   4              16             NULL
main_for_4_for_5_for_6   block                         null                4              20             main_for_4_for_5_for_6
t5                       int                           null                4              24             NULL
t6                       int                           null                4              28             NULL
t7                       int                           null                4              32             NULL
t8                       int                           null                4              36             NULL
t9                       int                           null                4              40             NULL
t10                      int                           null                4              44             NULL
t11                      int                           null                4              48             NULL
t12                      int                           null                4              52             NULL
------------------------------------------------------------------------------------------------------------------------


------------------------------------------------------------------------------------------------------------------------
Symboltbl name: main_for_4_for_5_for_6                            Parent table: main_for_4_for_5                                  
------------------------------------------------------------------------------------------------------------------------
Name                     Type                          Initial Value       Size           Offset         Nested
------------------------------------------------------------------------------------------------------------------------
t0                       int                           null                4              0              NULL
t1                       int                           null                4              4              NULL
t2                       int                           null                4              8              NULL
t3                       int                           null                4              12             NULL
t4                       int                           null                4              16             NULL
t5                       int                           null                4              20             NULL
t6                       int                           null                4              24             NULL
t7                       int                           null                4              28             NULL
------------------------------------------------------------------------------------------------------------------------


________________________________________________________________________________________________________________________
TAC: 
________________________________________________________________________________________________________________________

0   : main: 
1   :    t0=6
2   :    t1=6
3   :    t2=5
4   :    t3=5

5   : main_for_0: 
6   :    t0=0
7   :    i=t0
8   :    t2=6
9   :    if i < t2 goto 14
10  :    goto 30
11  :    t3=i
12  :    i=i + 1
13  :    goto 8

14  : main_for_0_for_1: 
15  :    t0=0
16  :    j=t0
17  :    t2=6
18  :    if j < t2 goto 23
19  :    goto 11
20  :    t3=j
21  :    j=j + 1
22  :    goto 17
23  :    t4=i * 24
24  :    t6=j * 4
25  :    t5=t4 + t6
26  :    t7=i + j
27  :    a[t5]=t7
28  :    goto 20
29  :    goto 11

30  : main_for_2: 
31  :    t0=4
32  :    i=t0
33  :    t2=0
34  :    if i >= t2 goto 39
35  :    goto 55
36  :    t3=i
37  :    i=i - 1
38  :    goto 33

39  : main_for_2_for_3: 
40  :    t0=4
41  :    j=t0
42  :    t2=0
43  :    if j >= t2 goto 48
44  :    goto 36
45  :    t3=j
46  :    j=j - 1
47  :    goto 42
48  :    t4=i * 20
49  :    t6=j * 4
50  :    t5=t4 + t6
51  :    t7=i - j
52  :    b[t5]=t7
53  :    goto 45
54  :    goto 36

55  : main_for_4: 
56  :    t0=0
57  :    i=t0
58  :    t2=6
59  :    if i < t2 goto 64
60  :    goto 99
61  :    t3=i
62  :    i=i + 1
63  :    goto 58

64  : main_for_4_for_5: 
65  :    t0=0
66  :    j=t0
67  :    if j < i goto 72
68  :    goto 61
69  :    t2=j
70  :    j=j + 1
71  :    goto 67
72  :    t3=3
73  :    if i < t3 goto 75
74  :    goto 89
75  :    t4=3
76  :    if j < t4 goto 79
77  :    goto 89
78  :    goto 97

79  : main_for_4_for_5_for_6: 
80  :    t0=i * 24
81  :    t2=j * 4
82  :    t1=t0 + t2
83  :    t3=i * 20
84  :    t5=j * 4
85  :    t4=t3 + t5
86  :    t6=b[t4]
87  :    a[t1]=t6
88  :    goto 69
89  :    t5=i * 24
90  :    t7=j * 4
91  :    t6=t5 + t7
92  :    t8=j * 24
93  :    t10=i * 4
94  :    t9=t8 + t10
95  :    t11=a[t9]
96  :    a[t6]=t11
97  :    goto 69
98  :    goto 61
99  :    t4=0
100 :    return t4
