------------------------------------------------------------------------------------------------------------------------
Symboltbl name: Global                                            Parent table: NULL                                              
------------------------------------------------------------------------------------------------------------------------
Name                     Type                          Initial Value       Size           Offset         Nested
------------------------------------------------------------------------------------------------------------------------
main                     int                           null                4              0              main
------------------------------------------------------------------------------------------------------------------------


------------------------------------------------------------------------------------------------------------------------
Symboltbl name: main                                              Parent table: Global                                            
------------------------------------------------------------------------------------------------------------------------
Name                     Type                          Initial Value       Size           Offset         Nested
------------------------------------------------------------------------------------------------------------------------
return                   int                           null                4              0              NULL
a                        int                           null                4              4              NULL
t0                       int                           10                  4              8              NULL
t1                       int                           null                4              12             NULL
t2                       int                           10                  4              16             NULL
main__0                  block                         null                4              20             main__0
t3                       int                           0                   4              24             NULL
------------------------------------------------------------------------------------------------------------------------


------------------------------------------------------------------------------------------------------------------------
Symboltbl name: main__0                                           Parent table: main                                              
------------------------------------------------------------------------------------------------------------------------
Name                     Type                          Initial Value       Size           Offset         Nested
------------------------------------------------------------------------------------------------------------------------
a                        int                           5                   4              0              NULL
t0                       int                           5                   4              4              NULL
------------------------------------------------------------------------------------------------------------------------


________________________________________________________________________________________________________________________
TAC: 
________________________________________________________________________________________________________________________

0   : main: 
1   :    t0=10
2   :    a=t0
3   :    t2=10
4   :    if a == t2 goto 7
5   :    goto 11
6   :    goto 11

7   : main__0: 
8   :    t0=5
9   :    a=t0
10  :    goto 11
11  :    t3=0
12  :    return t3
