------------------------------------------------------------------------------------------------------------------------
Symboltbl name: Global                                            Parent table: NULL                                              
------------------------------------------------------------------------------------------------------------------------
Name                     Type                          Initial Value       Size           Offset         Nested
------------------------------------------------------------------------------------------------------------------------
factorial                int                           null                4              0              factorial
main                     int                           null                4              4              main
------------------------------------------------------------------------------------------------------------------------


------------------------------------------------------------------------------------------------------------------------
Symboltbl name: factorial                                         Parent table: Global                                            
------------------------------------------------------------------------------------------------------------------------
Name                     Type                          Initial Value       Size           Offset         Nested
------------------------------------------------------------------------------------------------------------------------
n                        int                           null                4              0              NULL
return                   int                           null                4              4              NULL
t0                       int                           0                   4              8              NULL
factorial__0             block                         null                4              12             factorial__0
factorial__1             block                         null                4              16             factorial__1
------------------------------------------------------------------------------------------------------------------------


------------------------------------------------------------------------------------------------------------------------
Symboltbl name: factorial__0                                      Parent table: factorial                                         
------------------------------------------------------------------------------------------------------------------------
Name                     Type                          Initial Value       Size           Offset         Nested
------------------------------------------------------------------------------------------------------------------------
t0                       int                           1                   4              0              NULL
------------------------------------------------------------------------------------------------------------------------


------------------------------------------------------------------------------------------------------------------------
Symboltbl name: factorial__1                                      Parent table: factorial                                         
------------------------------------------------------------------------------------------------------------------------
Name                     Type                          Initial Value       Size           Offset         Nested
------------------------------------------------------------------------------------------------------------------------
t0                       int                           1                   4              0              NULL
t1                       int                           null                4              4              NULL
t2                       int                           null                4              8              NULL
t3                       int                           null                4              12             NULL
------------------------------------------------------------------------------------------------------------------------


------------------------------------------------------------------------------------------------------------------------
Symboltbl name: main                                              Parent table: Global                                            
------------------------------------------------------------------------------------------------------------------------
Name                     Type                          Initial Value       Size           Offset         Nested
------------------------------------------------------------------------------------------------------------------------
return                   int                           null                4              0              NULL
n                        int                           5                   4              4              NULL
t0                       int                           5                   4              8              NULL
result                   int                           null                4              12             NULL
t1                       int                           null                4              16             NULL
t2                       int                           50                  4              20             NULL
main__0                  block                         null                4              24             main__0
t3                       int                           0                   4              28             NULL
------------------------------------------------------------------------------------------------------------------------


------------------------------------------------------------------------------------------------------------------------
Symboltbl name: main__0                                           Parent table: main                                              
------------------------------------------------------------------------------------------------------------------------
Name                     Type                          Initial Value       Size           Offset         Nested
------------------------------------------------------------------------------------------------------------------------
t0                       int                           25                  4              0              NULL
main__0__1               block                         null                4              4              main__0__1
t1                       int                           null                4              8              NULL
------------------------------------------------------------------------------------------------------------------------


------------------------------------------------------------------------------------------------------------------------
Symboltbl name: main__0__1                                        Parent table: main__0                                           
------------------------------------------------------------------------------------------------------------------------
Name                     Type                          Initial Value       Size           Offset         Nested
------------------------------------------------------------------------------------------------------------------------
------------------------------------------------------------------------------------------------------------------------


________________________________________________________________________________________________________________________
TAC: 
________________________________________________________________________________________________________________________

0   : factorial: 
1   :    t0=0
2   :    if n == t0 goto 5
3   :    goto 9
4   :    goto 16

5   : factorial__0: 
6   :    t0=1
7   :    return t0
8   :    goto 

9   : factorial__1: 
10  :    t0=1
11  :    t1=n - t0
12  :    param t1
13  :    t2=call factorial, 1
14  :    t3=n * t2
15  :    return t3

16  : main: 
17  :    t0=5
18  :    n=t0
19  :    param n
20  :    t1=call factorial, 1
21  :    result=t1
22  :    t2=50
23  :    if result <= t2 goto 26
24  :    goto 37
25  :    goto 37

26  : main__0: 
27  :    t0=25
28  :    if result > t0 goto 31
29  :    goto 34
30  :    goto 36

31  : main__0__1: 
32  :    return result
33  :    goto 37
34  :    t1=result + result
35  :    return t1
36  :    goto 37
37  :    t3=0
38  :    return t3
