------------------------------------------------------------------------------------------------------------------------
Symboltbl name: Global                                            Parent table: NULL                                              
------------------------------------------------------------------------------------------------------------------------
Name                     Type                          Initial Value       Size           Offset         Nested
------------------------------------------------------------------------------------------------------------------------
main                     int                           null                4              0              main
------------------------------------------------------------------------------------------------------------------------


------------------------------------------------------------------------------------------------------------------------
Symboltbl name: main                                              Parent table: Global                                            
------------------------------------------------------------------------------------------------------------------------
Name                     Type                          Initial Value       Size           Offset         Nested
------------------------------------------------------------------------------------------------------------------------
return                   int                           null                4              0              NULL
a                        int                           null                4              4              NULL
b                        float                         null                8              8              NULL
t0                       int                           4                   4              16             NULL
t1                       int                           null                4              20             NULL
t2                       float                         9.900000            8              24             NULL
t3                       float                         null                8              32             NULL
t4                       float                         null                8              40             NULL
t5                       float                         null                8              48             NULL
x                        float                         null                8              56             NULL
t6                       float                         null                8              64             NULL
t7                       float                         null                8              72             NULL
t8                       float                         null                8              80             NULL
y                        int                           null                4              88             NULL
t9                       int                           null                4              92             NULL
z                        int                           null                4              96             NULL
t10                      float                         null                8              100            NULL
t11                      float                         null                8              108            NULL
t12                      float                         null                8              116            NULL
p                        ptr(int)                      null                4              124            NULL
t13                      ptr(int)                      null                4              128            NULL
t14                      ptr(null)                     null                4              132            NULL
t15                      int                           null                4              136            NULL
t16                      int                           10                  4              140            NULL
t17                      int                           0                   4              144            NULL
------------------------------------------------------------------------------------------------------------------------


________________________________________________________________________________________________________________________
TAC: 
________________________________________________________________________________________________________________________

0   : main: 
1   :    t0=4
2   :    a=t0
3   :    t2=9.900000
4   :    b=t2
5   :    t4=int_2_float(a)
6   :    b=t4
7   :    t6=b
8   :    t7=int_2_float(a)
9   :    t8=t6 * t7
10  :    x=t8
11  :    t9=float_2_int(x)
12  :    y=t9
13  :    t10=int_2_float(a)
14  :    t11=b
15  :    t12=t10 * t11
16  :    z=t12
17  :    t13 = &a
18  :    p=t13
19  :    t15 = *p
20  :    t16=10
21  :    *p=t16
22  :    t17=0
23  :    return t17
